[2017-12-11T14:03:41.887] [INFO] resLogger - 
*************** response log start ***************
request method: GET
request originalUrl:  /order/detail?goods_id=45
request client ip:  ::1
request query:  {"goods_id":"45"}
response time: 113
response status: 200
response body: 
{"code":0,"message":"success"}
*************** response log end ***************

[2017-12-11T14:03:42.037] [INFO] resLogger - 
*************** response log start ***************
request method: GET
request originalUrl:  /favicon.ico
request client ip:  ::1
request query:  {}
response time: 1
response status: 200
response body: 
{"code":0,"message":"success"}
*************** response log end ***************

[2017-12-11T14:03:43.644] [INFO] resLogger - 
*************** response log start ***************
request method: GET
request originalUrl:  /order/detail?goods_id=45
request client ip:  ::1
request query:  {"goods_id":"45"}
response time: 103
response status: 200
response body: 
{"code":0,"message":"success"}
*************** response log end ***************

[2017-12-11T14:03:43.705] [INFO] resLogger - 
*************** response log start ***************
request method: GET
request originalUrl:  /favicon.ico
request client ip:  ::1
request query:  {}
response time: 1
response status: 200
response body: 
{"code":0,"message":"success"}
*************** response log end ***************

[2017-12-11T14:03:44.358] [INFO] resLogger - 
*************** response log start ***************
request method: GET
request originalUrl:  /order/detail?goods_id=45
request client ip:  ::1
request query:  {"goods_id":"45"}
response time: 113
response status: 200
response body: 
{"code":0,"message":"success"}
*************** response log end ***************

[2017-12-11T14:03:44.421] [INFO] resLogger - 
*************** response log start ***************
request method: GET
request originalUrl:  /favicon.ico
request client ip:  ::1
request query:  {}
response time: 1
response status: 200
response body: 
{"code":0,"message":"success"}
*************** response log end ***************

[2017-12-11T14:03:44.981] [INFO] resLogger - 
*************** response log start ***************
request method: GET
request originalUrl:  /order/detail?goods_id=45
request client ip:  ::1
request query:  {"goods_id":"45"}
response time: 101
response status: 200
response body: 
{"code":0,"message":"success"}
*************** response log end ***************

[2017-12-11T14:03:45.032] [INFO] resLogger - 
*************** response log start ***************
request method: GET
request originalUrl:  /favicon.ico
request client ip:  ::1
request query:  {}
response time: 0
response status: 200
response body: 
{"code":0,"message":"success"}
*************** response log end ***************

[2017-12-11T14:03:46.055] [INFO] resLogger - 
*************** response log start ***************
request method: GET
request originalUrl:  /favicon.ico
request client ip:  ::1
request query:  {}
response time: 0
response status: 200
response body: 
{"code":0,"message":"success"}
*************** response log end ***************

[2017-12-11T14:03:46.965] [INFO] resLogger - 
*************** response log start ***************
request method: GET
request originalUrl:  /
request client ip:  ::1
request query:  {}
response time: 0
response status: 200
response body: 
{"code":0,"message":"success"}
*************** response log end ***************

[2017-12-11T14:03:47.023] [INFO] resLogger - 
*************** response log start ***************
request method: GET
request originalUrl:  /favicon.ico
request client ip:  ::1
request query:  {}
response time: 0
response status: 200
response body: 
{"code":0,"message":"success"}
*************** response log end ***************

[2017-12-11T14:03:48.545] [INFO] resLogger - 
*************** response log start ***************
request method: GET
request originalUrl:  /favicon.ico
request client ip:  ::1
request query:  {}
response time: 1
response status: 200
response body: 
{"code":0,"message":"success"}
*************** response log end ***************

[2017-12-11T14:03:53.041] [INFO] resLogger - 
*************** response log start ***************
request method: GET
request originalUrl:  /order/detail?goods_id=45
request client ip:  ::1
request query:  {"goods_id":"45"}
response time: 101
response status: 200
response body: 
{"code":0,"message":"success"}
*************** response log end ***************

[2017-12-11T14:03:53.101] [INFO] resLogger - 
*************** response log start ***************
request method: GET
request originalUrl:  /favicon.ico
request client ip:  ::1
request query:  {}
response time: 0
response status: 200
response body: 
{"code":0,"message":"success"}
*************** response log end ***************

[2017-12-11T14:03:56.669] [INFO] resLogger - 
*************** response log start ***************
request method: GET
request originalUrl:  /goods/detail?goods_id=45
request client ip:  ::1
request query:  {"goods_id":"45"}
response time: 101
response status: 200
response body: 
{"code":0,"message":"success"}
*************** response log end ***************

[2017-12-11T14:03:56.725] [INFO] resLogger - 
*************** response log start ***************
request method: GET
request originalUrl:  /favicon.ico
request client ip:  ::1
request query:  {}
response time: 1
response status: 200
response body: 
{"code":0,"message":"success"}
*************** response log end ***************

[2017-12-11T14:04:34.521] [INFO] resLogger - 
*************** response log start ***************
request method: GET
request originalUrl:  /goods/detail?goods_id=45
request client ip:  ::1
request query:  {"goods_id":"45"}
response time: 102
response status: 200
response body: 
{"code":0,"message":"success"}
*************** response log end ***************

[2017-12-11T14:04:34.584] [INFO] resLogger - 
*************** response log start ***************
request method: GET
request originalUrl:  /favicon.ico
request client ip:  ::1
request query:  {}
response time: 1
response status: 200
response body: 
{"code":0,"message":"success"}
*************** response log end ***************

[2017-12-11T14:05:05.344] [INFO] resLogger - 
*************** response log start ***************
request method: GET
request originalUrl:  /goods/detail?goods_id=45
request client ip:  ::1
request query:  {"goods_id":"45"}
response time: 113
response status: 200
response body: 
{"code":0,"message":"success"}
*************** response log end ***************

[2017-12-11T14:38:57.409] [INFO] resLogger - 
*************** response log start ***************
request method: GET
request originalUrl:  /goods/detail?goods_id=45
request client ip:  ::1
request query:  {"goods_id":"45"}
response time: 108
response status: 200
response body: 
{"code":0,"message":"success"}
*************** response log end ***************

[2017-12-11T14:39:19.401] [INFO] resLogger - 
*************** response log start ***************
request method: GET
request originalUrl:  /goods/detail?goods_id=45
request client ip:  ::1
request query:  {"goods_id":"45"}
response time: 118
response status: 200
response body: 
{"code":0,"message":"success"}
*************** response log end ***************

[2017-12-11T14:39:55.041] [INFO] resLogger - 
*************** response log start ***************
request method: GET
request originalUrl:  /goods/detail?goods_id=45
request client ip:  ::1
request query:  {"goods_id":"45"}
response time: 114
response status: 404
response body: 
undefined
*************** response log end ***************

[2017-12-11T14:39:55.185] [INFO] resLogger - 
*************** response log start ***************
request method: GET
request originalUrl:  /goods/detail?goods_id=45
request client ip:  ::1
request query:  {"goods_id":"45"}
response time: 102
response status: 404
response body: 
undefined
*************** response log end ***************

[2017-12-11T14:40:10.899] [INFO] resLogger - 
*************** response log start ***************
request method: GET
request originalUrl:  /goods/detail?goods_id=45
request client ip:  ::1
request query:  {"goods_id":"45"}
response time: 33
response status: 200
response body: 
{"code":0,"message":"success"}
*************** response log end ***************

[2017-12-11T14:40:23.734] [INFO] resLogger - 
*************** response log start ***************
request method: GET
request originalUrl:  /goods/detail?goods_id=45
request client ip:  ::1
request query:  {"goods_id":"45"}
response time: 117
response status: 200
response body: 
{"code":0,"message":"success"}
*************** response log end ***************

[2017-12-11T14:48:17.121] [INFO] resLogger - 
*************** response log start ***************
request method: GET
request originalUrl:  /goods/detail?goods_id=45
request client ip:  ::1
request query:  {"goods_id":"45"}
response time: 46
response status: 200
response body: 
{"code":200,"message":"success","data":{"goods_id":45,"cat_id":3,"goods_sn":"ECS000045","goods_name":"鼎优大米MINI装","goods_name_style":"+","click_count":1,"brand_id":0,"provider_name":"","goods_number":1,"goods_weight":0,"market_price":0,"shop_price":0,"promote_price":0,"promote_start_date":0,"promote_end_date":0,"warn_number":1,"keywords":"","goods_brief":"","goods_desc":"","goods_thumb":"","goods_img":"","original_img":"","is_real":1,"extension_code":"","is_on_sale":1,"is_alone_sale":1,"is_shipping":0,"integral":0,"add_time":1428940019,"sort_order":100,"is_delete":1,"is_best":0,"is_new":0,"is_hot":0,"is_promote":0,"bonus_type_id":0,"last_update":1428940019,"goods_type":0,"seller_note":"","give_integral":-1,"rank_integral":-1,"suppliers_id":0,"is_check":0}}
*************** response log end ***************

[2017-12-11T14:49:37.592] [INFO] resLogger - 
*************** response log start ***************
request method: GET
request originalUrl:  /goods/detail?goods_id=45
request client ip:  ::1
request query:  {"goods_id":"45"}
response time: 5
response status: 200
response body: 
{"code":200,"message":"success","data":{"goods_id":45,"cat_id":3,"goods_sn":"ECS000045","goods_name":"鼎优大米MINI装","goods_name_style":"+","click_count":1,"brand_id":0,"provider_name":"","goods_number":1,"goods_weight":0,"market_price":0,"shop_price":0,"promote_price":0,"promote_start_date":0,"promote_end_date":0,"warn_number":1,"keywords":"","goods_brief":"","goods_desc":"","goods_thumb":"","goods_img":"","original_img":"","is_real":1,"extension_code":"","is_on_sale":1,"is_alone_sale":1,"is_shipping":0,"integral":0,"add_time":1428940019,"sort_order":100,"is_delete":1,"is_best":0,"is_new":0,"is_hot":0,"is_promote":0,"bonus_type_id":0,"last_update":1428940019,"goods_type":0,"seller_note":"","give_integral":-1,"rank_integral":-1,"suppliers_id":0,"is_check":0}}
*************** response log end ***************

[2017-12-11T14:49:48.678] [INFO] resLogger - 
*************** response log start ***************
request method: GET
request originalUrl:  /order/detail?goods_id=45
request client ip:  ::1
request query:  {"goods_id":"45"}
response time: 14
response status: 200
response body: 
{"code":200,"message":"success","data":{"order_id":2,"order_sn":"2009051255518","user_id":1,"order_status":4,"shipping_status":0,"pay_status":0,"consignee":"刘先生","country":1,"province":2,"city":52,"district":500,"address":"[中国 北京 北京 海淀区] 中关村海兴大厦","zipcode":"100085","tel":"010-25851234","mobile":"13986765412","email":"ecshop@ecshop.com","best_time":"中午","sign_building":"法院","postscript":"","shipping_id":3,"shipping_name":"城际快递","pay_id":1,"pay_name":"余额支付","how_oos":"等待所有商品备齐后再发","how_surplus":"","pack_name":"精品包装","card_name":"祝福贺卡","card_message":"晚来的祝福","inv_payee":"","inv_content":"","goods_amount":960,"shipping_fee":10,"insure_fee":0,"pay_fee":0,"pack_fee":0,"card_fee":5,"money_paid":0,"surplus":0,"integral":0,"integral_money":0,"bonus":0,"order_amount":0,"from_ad":0,"referer":"本站","add_time":1242142324,"confirm_time":1242142324,"pay_time":1242142324,"shipping_time":1242142389,"pack_id":1,"card_id":1,"bonus_id":0,"invoice_no":"111","extension_code":"","extension_id":0,"to_buyer":"","pay_note":"","agency_id":0,"inv_type":"","tax":0,"is_separate":0,"parent_id":0,"discount":0,"goods":[{"rec_id":16,"order_id":14,"goods_id":15,"goods_name":"摩托罗拉A810","goods_sn":"ECS000015","product_id":0,"goods_number":5,"market_price":705.6,"goods_price":588,"goods_attr":"","send_number":0,"is_real":1,"extension_code":"","parent_id":0,"is_gift":0,"goods_attr_id":""},{"rec_id":17,"order_id":14,"goods_id":20,"goods_name":"三星BC01","goods_sn":"ECS000020","product_id":0,"goods_number":1,"market_price":336,"goods_price":238,"goods_attr":"","send_number":0,"is_real":1,"extension_code":"","parent_id":0,"is_gift":0,"goods_attr_id":""},{"rec_id":18,"order_id":14,"goods_id":22,"goods_name":"多普达Touch HD","goods_sn":"ECS000022","product_id":0,"goods_number":1,"market_price":7198.8,"goods_price":5999,"goods_attr":"","send_number":0,"is_real":1,"extension_code":"","parent_id":0,"is_gift":0,"goods_attr_id":""},{"rec_id":19,"order_id":14,"goods_id":3,"goods_name":"诺基亚原装5800耳机","goods_sn":"ECS000002","product_id":0,"goods_number":4,"market_price":81.6,"goods_price":68,"goods_attr":"颜色:银色 \n","send_number":0,"is_real":1,"extension_code":"","parent_id":0,"is_gift":0,"goods_attr_id":""},{"rec_id":20,"order_id":14,"goods_id":9,"goods_name":"诺基亚E66","goods_sn":"ECS000009","product_id":0,"goods_number":2,"market_price":2757.6,"goods_price":2298,"goods_attr":"","send_number":0,"is_real":1,"extension_code":"","parent_id":0,"is_gift":0,"goods_attr_id":""}]}}
*************** response log end ***************

