[2018-03-05T23:31:40.683] [INFO] resLogger - 
*************** response log start ***************
request method: GET
request originalUrl:  /passport/wechat_login
request client ip:  ::1
request query:  {}
response time: 5
response status: 204
response body: 
{"code":0,"message":"empty"}
*************** response log end ***************

[2018-03-05T23:31:41.817] [INFO] resLogger - 
*************** response log start ***************
request method: GET
request originalUrl:  /passport
request client ip:  ::1
request query:  {}
response time: 80
response status: 200
response body: 
{"code":200,"message":"success","data":{"user_id":"fbu3z1rw96","count":0}}
*************** response log end ***************

[2018-03-05T23:31:42.153] [INFO] resLogger - 
*************** response log start ***************
request method: GET
request originalUrl:  /favicon.ico
request client ip:  ::1
request query:  {}
response time: 82
response status: 200
response body: 
{"code":200,"message":"success","data":{"user_id":"c0tj04zzaqn","count":0}}
*************** response log end ***************

[2018-03-05T23:31:44.797] [INFO] resLogger - 
*************** response log start ***************
request method: GET
request originalUrl:  /passport/wechat_login
request client ip:  ::1
request query:  {}
response time: 0
response status: 204
response body: 
{"code":0,"message":"empty"}
*************** response log end ***************

[2018-03-05T23:31:53.851] [INFO] resLogger - 
*************** response log start ***************
request method: GET
request originalUrl:  /passport
request client ip:  ::1
request query:  {}
response time: 103
response status: 200
response body: 
{"code":200,"message":"success","data":{"user_id":"k0rqi9b6oxj","count":0}}
*************** response log end ***************

[2018-03-05T23:31:54.199] [INFO] resLogger - 
*************** response log start ***************
request method: GET
request originalUrl:  /favicon.ico
request client ip:  ::1
request query:  {}
response time: 73
response status: 200
response body: 
{"code":200,"message":"success","data":{"user_id":"zn8vz8lfs4c","count":0}}
*************** response log end ***************

[2018-03-05T23:31:54.851] [INFO] resLogger - 
*************** response log start ***************
request method: GET
request originalUrl:  /passport
request client ip:  ::1
request query:  {}
response time: 91
response status: 200
response body: 
{"code":200,"message":"success","data":{"user_id":"z42hez3saum","count":0}}
*************** response log end ***************

[2018-03-05T23:31:55.188] [INFO] resLogger - 
*************** response log start ***************
request method: GET
request originalUrl:  /favicon.ico
request client ip:  ::1
request query:  {}
response time: 77
response status: 200
response body: 
{"code":200,"message":"success","data":{"user_id":"7otmzhmz3ed","count":0}}
*************** response log end ***************

[2018-03-05T23:32:01.781] [INFO] resLogger - 
*************** response log start ***************
request method: GET
request originalUrl:  /passport
request client ip:  ::1
request query:  {}
response time: 101
response status: 200
response body: 
{"code":200,"message":"success","data":{"user_id":"4r658oa83mc","count":0}}
*************** response log end ***************

[2018-03-05T23:32:02.101] [INFO] resLogger - 
*************** response log start ***************
request method: GET
request originalUrl:  /favicon.ico
request client ip:  ::1
request query:  {}
response time: 84
response status: 200
response body: 
{"code":200,"message":"success","data":{"user_id":"bmxlkioo9hg","count":0}}
*************** response log end ***************

[2018-03-05T23:33:05.564] [INFO] resLogger - 
*************** response log start ***************
request method: GET
request originalUrl:  /passport
request client ip:  ::1
request query:  {}
response time: 76
response status: 200
response body: 
{"code":200,"message":"success","data":{"user_id":"zoqiy65fbsb","count":0}}
*************** response log end ***************

[2018-03-05T23:33:05.878] [INFO] resLogger - 
*************** response log start ***************
request method: GET
request originalUrl:  /favicon.ico
request client ip:  ::1
request query:  {}
response time: 83
response status: 200
response body: 
{"code":200,"message":"success","data":{"user_id":"2ag3u5g6ydq","count":0}}
*************** response log end ***************

[2018-03-05T23:33:06.714] [INFO] resLogger - 
*************** response log start ***************
request method: GET
request originalUrl:  /passport
request client ip:  ::1
request query:  {}
response time: 72
response status: 200
response body: 
{"code":200,"message":"success","data":{"user_id":"pe69lhr6zs","count":0}}
*************** response log end ***************

[2018-03-05T23:33:06.975] [INFO] resLogger - 
*************** response log start ***************
request method: GET
request originalUrl:  /favicon.ico
request client ip:  ::1
request query:  {}
response time: 74
response status: 200
response body: 
{"code":200,"message":"success","data":{"user_id":"deves16tku","count":0}}
*************** response log end ***************

[2018-03-05T23:33:14.657] [INFO] resLogger - 
*************** response log start ***************
request method: GET
request originalUrl:  /passport/wechat_login
request client ip:  ::1
request query:  {}
response time: 5
response status: 200
response body: 
{"code":0,"message":"empty"}
*************** response log end ***************

[2018-03-05T23:33:15.173] [INFO] resLogger - 
*************** response log start ***************
request method: GET
request originalUrl:  /favicon.ico
request client ip:  ::1
request query:  {}
response time: 102
response status: 200
response body: 
{"code":200,"message":"success","data":{"user_id":"mtyfuen6v","count":0}}
*************** response log end ***************

[2018-03-05T23:33:19.612] [INFO] resLogger - 
*************** response log start ***************
request method: GET
request originalUrl:  /passport/wechat_login
request client ip:  ::1
request query:  {}
response time: 5
response status: 204
response body: 
{"code":0,"message":"empty"}
*************** response log end ***************

[2018-03-05T23:33:21.959] [INFO] resLogger - 
*************** response log start ***************
request method: GET
request originalUrl:  /passport/wechat_login
request client ip:  ::1
request query:  {}
response time: 1
response status: 204
response body: 
{"code":0,"message":"empty"}
*************** response log end ***************

[2018-03-05T23:33:23.719] [INFO] resLogger - 
*************** response log start ***************
request method: GET
request originalUrl:  /passport/wechat_login
request client ip:  ::1
request query:  {}
response time: 0
response status: 204
response body: 
{"code":0,"message":"empty"}
*************** response log end ***************

[2018-03-05T23:36:22.502] [INFO] resLogger - 
*************** response log start ***************
request method: GET
request originalUrl:  /passport/wechat_login
request client ip:  ::1
request query:  {}
response time: 0
response status: 204
response body: 
{"code":0,"message":"empty"}
*************** response log end ***************

