[2018-03-06T13:43:13.028] [INFO] resLogger - 
*************** response log start ***************
request method: GET
request originalUrl:  /passport/wechat_login
request client ip:  ::1
request query:  {}
response time: 3
response status: 200
response body: 
{"code":0,"message":"empty"}
*************** response log end ***************

[2018-03-06T13:43:13.238] [INFO] resLogger - 
*************** response log start ***************
request method: GET
request originalUrl:  /favicon.ico
request client ip:  ::1
request query:  {}
response time: 5
response status: 200
response body: 
{"code":200,"message":"success","data":{"user_id":"ektgp3fjg7j","count":0}}
*************** response log end ***************

[2018-03-06T13:43:16.421] [INFO] resLogger - 
*************** response log start ***************
request method: GET
request originalUrl:  /passport/set
request client ip:  ::1
request query:  {}
response time: 1
response status: 200
response body: 
{"code":0,"message":"empty"}
*************** response log end ***************

[2018-03-06T13:43:17.268] [INFO] resLogger - 
*************** response log start ***************
request method: GET
request originalUrl:  /favicon.ico
request client ip:  ::1
request query:  {}
response time: 69
response status: 200
response body: 
{"code":200,"message":"success","data":{"user_id":"y7j6biqgcr","count":0}}
*************** response log end ***************

[2018-03-06T13:43:18.303] [INFO] resLogger - 
*************** response log start ***************
request method: GET
request originalUrl:  /passport/set
request client ip:  ::1
request query:  {}
response time: 0
response status: 200
response body: 
{"code":0,"message":"empty"}
*************** response log end ***************

[2018-03-06T13:43:18.461] [INFO] resLogger - 
*************** response log start ***************
request method: GET
request originalUrl:  /favicon.ico
request client ip:  ::1
request query:  {}
response time: 76
response status: 200
response body: 
{"code":200,"message":"success","data":{"user_id":"h049dkbhmb","count":0}}
*************** response log end ***************

[2018-03-06T13:43:20.066] [INFO] resLogger - 
*************** response log start ***************
request method: GET
request originalUrl:  /passport/set
request client ip:  ::1
request query:  {}
response time: 0
response status: 200
response body: 
{"code":0,"message":"empty"}
*************** response log end ***************

[2018-03-06T13:43:20.199] [INFO] resLogger - 
*************** response log start ***************
request method: GET
request originalUrl:  /favicon.ico
request client ip:  ::1
request query:  {}
response time: 66
response status: 200
response body: 
{"code":200,"message":"success","data":{"user_id":"5o896lh2ndj","count":0}}
*************** response log end ***************

[2018-03-06T13:43:33.603] [INFO] resLogger - 
*************** response log start ***************
request method: GET
request originalUrl:  /passport/set
request client ip:  ::1
request query:  {}
response time: 2
response status: 200
response body: 
{"code":0,"message":"empty"}
*************** response log end ***************

[2018-03-06T13:43:33.786] [INFO] resLogger - 
*************** response log start ***************
request method: GET
request originalUrl:  /favicon.ico
request client ip:  ::1
request query:  {}
response time: 72
response status: 200
response body: 
{"code":200,"message":"success","data":{"user_id":"wdlun5emwm","count":0}}
*************** response log end ***************

[2018-03-06T13:43:38.559] [INFO] resLogger - 
*************** response log start ***************
request method: GET
request originalUrl:  /passport/set
request client ip:  ::1
request query:  {}
response time: 3
response status: 200
response body: 
{"code":0,"message":"empty"}
*************** response log end ***************

[2018-03-06T13:43:38.749] [INFO] resLogger - 
*************** response log start ***************
request method: GET
request originalUrl:  /favicon.ico
request client ip:  ::1
request query:  {}
response time: 84
response status: 200
response body: 
{"code":200,"message":"success","data":{"user_id":"tnfyy5grqfq","count":0}}
*************** response log end ***************

[2018-03-06T13:43:42.292] [INFO] resLogger - 
*************** response log start ***************
request method: GET
request originalUrl:  /passport/set
request client ip:  ::1
request query:  {}
response time: 2
response status: 200
response body: 
{"code":0,"message":"empty"}
*************** response log end ***************

[2018-03-06T13:43:42.460] [INFO] resLogger - 
*************** response log start ***************
request method: GET
request originalUrl:  /favicon.ico
request client ip:  ::1
request query:  {}
response time: 74
response status: 200
response body: 
{"code":200,"message":"success","data":{"user_id":"gkh5fxf69e","count":0}}
*************** response log end ***************

[2018-03-06T13:43:43.052] [INFO] resLogger - 
*************** response log start ***************
request method: GET
request originalUrl:  /passport/set
request client ip:  ::1
request query:  {}
response time: 0
response status: 200
response body: 
{"code":0,"message":"empty"}
*************** response log end ***************

[2018-03-06T13:43:43.201] [INFO] resLogger - 
*************** response log start ***************
request method: GET
request originalUrl:  /favicon.ico
request client ip:  ::1
request query:  {}
response time: 63
response status: 200
response body: 
{"code":200,"message":"success","data":{"user_id":"eiufrxvqbz","count":0}}
*************** response log end ***************

[2018-03-06T13:43:47.179] [INFO] resLogger - 
*************** response log start ***************
request method: GET
request originalUrl:  /passport/set
request client ip:  ::1
request query:  {}
response time: 5
response status: 200
response body: 
{"code":200,"message":"success","data":{"request":{"method":"GET","url":"/passport/set","header":{"host":"localhost:3000","connection":"keep-alive","cache-control":"max-age=0","upgrade-insecure-requests":"1","user-agent":"Mozilla/5.0 (Macintosh; Intel Mac OS X 10_13_3) AppleWebKit/537.36 (KHTML, like Gecko) Chrome/64.0.3282.186 Safari/537.36","accept":"text/html,application/xhtml+xml,application/xml;q=0.9,image/webp,image/apng,*/*;q=0.8","accept-encoding":"gzip, deflate, br","accept-language":"zh-CN,zh;q=0.9,en;q=0.8","cookie":"_ga=GA1.1.1588900861.1515039792; session_id=CxbyAQDhrhvHngOp6m1NkMvNvUBIcy9M"}},"response":{"status":200,"message":"OK","header":{"content-type":"application/json; charset=utf-8"}},"app":{"subdomainOffset":2,"proxy":false,"env":"development"},"originalUrl":"/passport/set","req":"<original node req>","res":"<original node res>","socket":"<original node socket>"}}
*************** response log end ***************

[2018-03-06T13:43:47.367] [INFO] resLogger - 
*************** response log start ***************
request method: GET
request originalUrl:  /favicon.ico
request client ip:  ::1
request query:  {}
response time: 80
response status: 200
response body: 
{"code":200,"message":"success","data":{"user_id":"fey7p8vmahs","count":0}}
*************** response log end ***************

[2018-03-06T13:44:27.286] [INFO] resLogger - 
*************** response log start ***************
request method: GET
request originalUrl:  /passport/set
request client ip:  ::1
request query:  {}
response time: 5
response status: 200
response body: 
{"code":200,"message":"success","data":{"request":{"method":"GET","url":"/passport/set","header":{"host":"localhost:3000","connection":"keep-alive","cache-control":"max-age=0","upgrade-insecure-requests":"1","user-agent":"Mozilla/5.0 (Macintosh; Intel Mac OS X 10_13_3) AppleWebKit/537.36 (KHTML, like Gecko) Chrome/64.0.3282.186 Safari/537.36","accept":"text/html,application/xhtml+xml,application/xml;q=0.9,image/webp,image/apng,*/*;q=0.8","accept-encoding":"gzip, deflate, br","accept-language":"zh-CN,zh;q=0.9,en;q=0.8","cookie":"_ga=GA1.1.1588900861.1515039792; session_id=CxbyAQDhrhvHngOp6m1NkMvNvUBIcy9M"}},"response":{"status":200,"message":"OK","header":{"content-type":"application/json; charset=utf-8"}},"app":{"subdomainOffset":2,"proxy":false,"env":"development"},"originalUrl":"/passport/set","req":"<original node req>","res":"<original node res>","socket":"<original node socket>"}}
*************** response log end ***************

[2018-03-06T13:44:27.494] [INFO] resLogger - 
*************** response log start ***************
request method: GET
request originalUrl:  /favicon.ico
request client ip:  ::1
request query:  {}
response time: 94
response status: 200
response body: 
{"code":0,"message":"empty"}
*************** response log end ***************

[2018-03-06T13:44:53.424] [INFO] resLogger - 
*************** response log start ***************
request method: GET
request originalUrl:  /passport/set
request client ip:  ::1
request query:  {}
response time: 2
response status: 200
response body: 
{"code":200,"message":"success","data":{"user_id":"22cdnv8z56u","count":0}}
*************** response log end ***************

[2018-03-06T13:44:53.700] [INFO] resLogger - 
*************** response log start ***************
request method: GET
request originalUrl:  /favicon.ico
request client ip:  ::1
request query:  {}
response time: 72
response status: 200
response body: 
{"code":0,"message":"empty"}
*************** response log end ***************

[2018-03-06T13:44:58.790] [INFO] resLogger - 
*************** response log start ***************
request method: GET
request originalUrl:  /passport/wechat_login
request client ip:  ::1
request query:  {}
response time: 0
response status: 204
response body: 
{"code":0,"message":"empty"}
*************** response log end ***************

[2018-03-06T13:45:02.154] [INFO] resLogger - 
*************** response log start ***************
request method: GET
request originalUrl:  /passport/wechat_login
request client ip:  ::1
request query:  {}
response time: 0
response status: 204
response body: 
{"code":0,"message":"empty"}
*************** response log end ***************

[2018-03-06T13:45:04.322] [INFO] resLogger - 
*************** response log start ***************
request method: GET
request originalUrl:  /passport/wechat_login?unionid=1
request client ip:  ::1
request query:  {"unionid":"1"}
response time: 0
response status: 204
response body: 
{"code":0,"message":"empty"}
*************** response log end ***************

[2018-03-06T13:45:10.311] [INFO] resLogger - 
*************** response log start ***************
request method: GET
request originalUrl:  /passport/wechat_login
request client ip:  ::1
request query:  {}
response time: 1
response status: 204
response body: 
{"code":0,"message":"empty"}
*************** response log end ***************

